<?xml version="1.0" encoding="UTF-8"?>
<!-- Generated by org.testng.reporters.JUnitXMLReporter -->
<testsuite ignored="0" hostname="Amlan-Kumar-B605-MacBook-Air.local" failures="0" tests="2" name="ErrorValidation" time="23.116" errors="0" timestamp="2024-01-30T13:26:51 IST">
  <testcase classname="org.geekyants.eCommerce_tc_2" name="fillForm_ErrorValidation" time="1.199"/>
  <testcase classname="org.geekyants.eCommerce_tc_2" name="fillForm_HappyFlow" time="10.658"/>
</testsuite> <!-- ErrorValidation -->
