<?xml version="1.0" encoding="UTF-8"?>
<!-- Generated by org.testng.reporters.JUnitXMLReporter -->
<testsuite ignored="0" hostname="Amlan-Kumar-B605-MacBook-Air.local" failures="0" tests="2" name="ErrorValidation" time="19.239" errors="0" timestamp="2024-01-24T18:16:46 IST">
  <testcase classname="org.geekyants.eCommerce_tc_2" name="fillForm_ErrorValidation" time="1.236"/>
  <testcase classname="org.geekyants.eCommerce_tc_2" name="fillForm_HappyFlow" time="10.411"/>
</testsuite> <!-- ErrorValidation -->
