<?xml version="1.0" encoding="UTF-8"?>
<testng-results ignored="1" total="3" passed="2" failed="0" skipped="0">
  <reporter-output>
  </reporter-output>
  <suite started-at="2024-01-24T18:16:17 IST" name="Suite" finished-at="2024-01-24T18:16:41 IST" duration-ms="24381">
    <groups>
      <group name="Smoke">
        <method signature="eCommerce_tc_2.fillForm_ErrorValidation()[pri:0, instance:org.geekyants.eCommerce_tc_2@24959ca4]" name="fillForm_ErrorValidation" class="org.geekyants.eCommerce_tc_2"/>
        <method signature="eCommerce_tc_2.fillForm_HappyFlow()[pri:0, instance:org.geekyants.eCommerce_tc_2@24959ca4]" name="fillForm_HappyFlow" class="org.geekyants.eCommerce_tc_2"/>
      </group> <!-- Smoke -->
    </groups>
    <test started-at="2024-01-24T18:16:17 IST" name="E2E framework test" finished-at="2024-01-24T18:16:17 IST" duration-ms="3">
    </test> <!-- E2E framework test -->
    <test started-at="2024-01-24T18:16:22 IST" name="ErrorValidation" finished-at="2024-01-24T18:16:41 IST" duration-ms="19239">
      <class name="org.geekyants.eCommerce_tc_2">
        <test-method is-config="true" signature="ConfigureAppium()[pri:0, instance:org.geekyants.eCommerce_tc_2@24959ca4]" started-at="2024-01-24T18:16:22 IST" name="ConfigureAppium" finished-at="2024-01-24T18:16:28 IST" duration-ms="6092" status="PASS">
          <reporter-output>
          </reporter-output>
        </test-method> <!-- ConfigureAppium -->
        <test-method is-config="true" signature="PreSetup()[pri:0, instance:org.geekyants.eCommerce_tc_2@24959ca4]" started-at="2024-01-24T18:16:28 IST" name="PreSetup" finished-at="2024-01-24T18:16:29 IST" duration-ms="654" status="PASS">
          <reporter-output>
          </reporter-output>
        </test-method> <!-- PreSetup -->
        <test-method signature="fillForm_ErrorValidation()[pri:0, instance:org.geekyants.eCommerce_tc_2@24959ca4]" started-at="2024-01-24T18:16:29 IST" name="fillForm_ErrorValidation" finished-at="2024-01-24T18:16:30 IST" duration-ms="1236" status="PASS">
          <reporter-output>
          </reporter-output>
        </test-method> <!-- fillForm_ErrorValidation -->
        <test-method is-config="true" signature="PreSetup()[pri:0, instance:org.geekyants.eCommerce_tc_2@24959ca4]" started-at="2024-01-24T18:16:30 IST" name="PreSetup" finished-at="2024-01-24T18:16:31 IST" duration-ms="545" status="PASS">
          <reporter-output>
          </reporter-output>
        </test-method> <!-- PreSetup -->
        <test-method signature="fillForm_HappyFlow()[pri:0, instance:org.geekyants.eCommerce_tc_2@24959ca4]" started-at="2024-01-24T18:16:31 IST" name="fillForm_HappyFlow" finished-at="2024-01-24T18:16:41 IST" duration-ms="10411" status="PASS">
          <reporter-output>
          </reporter-output>
        </test-method> <!-- fillForm_HappyFlow -->
        <test-method is-config="true" signature="tearDown()[pri:0, instance:org.geekyants.eCommerce_tc_2@24959ca4]" started-at="2024-01-24T18:16:41 IST" name="tearDown" finished-at="2024-01-24T18:16:41 IST" duration-ms="175" status="PASS">
          <reporter-output>
          </reporter-output>
        </test-method> <!-- tearDown -->
      </class> <!-- org.geekyants.eCommerce_tc_2 -->
    </test> <!-- ErrorValidation -->
  </suite> <!-- Suite -->
</testng-results>
