<?xml version="1.0" encoding="UTF-8"?>
<testng-results ignored="0" total="1" passed="1" failed="0" skipped="0">
  <reporter-output>
  </reporter-output>
  <suite started-at="2024-04-03T16:11:16 IST" name="Default suite" finished-at="2024-04-03T16:11:30 IST" duration-ms="14068">
    <groups>
    </groups>
    <test started-at="2024-04-03T16:11:16 IST" name="Default test" finished-at="2024-04-03T16:11:30 IST" duration-ms="14068">
      <class name="org.geekyants.AndroidAssesment">
        <test-method is-config="true" signature="ConfigureAppium()[pri:0, instance:org.geekyants.AndroidAssesment@53aac487]" started-at="2024-04-03T16:11:16 IST" name="ConfigureAppium" finished-at="2024-04-03T16:11:21 IST" duration-ms="5406" status="PASS">
          <reporter-output>
          </reporter-output>
        </test-method> <!-- ConfigureAppium -->
        <test-method signature="Login()[pri:0, instance:org.geekyants.AndroidAssesment@53aac487]" started-at="2024-04-03T16:11:21 IST" name="Login" finished-at="2024-04-03T16:11:26 IST" duration-ms="4641" status="PASS">
          <reporter-output>
          </reporter-output>
        </test-method> <!-- Login -->
        <test-method is-config="true" signature="tearDown()[pri:0, instance:org.geekyants.AndroidAssesment@53aac487]" started-at="2024-04-03T16:11:26 IST" name="tearDown" finished-at="2024-04-03T16:11:30 IST" duration-ms="3974" status="PASS">
          <reporter-output>
          </reporter-output>
        </test-method> <!-- tearDown -->
      </class> <!-- org.geekyants.AndroidAssesment -->
    </test> <!-- Default test -->
  </suite> <!-- Default suite -->
</testng-results>
